c:\users\user\desktop\mudgame_yb\intermediate\x64\debug\game\vc143.pdb
c:\users\user\desktop\mudgame_yb\intermediate\x64\debug\game\vc143.idb
c:\users\user\desktop\mudgame_yb\intermediate\x64\debug\game\main.obj
c:\users\user\desktop\mudgame_yb\intermediate\x64\debug\game\menulevel.obj
c:\users\user\desktop\mudgame_yb\intermediate\x64\debug\game\gamelevel.obj
c:\users\user\desktop\mudgame_yb\intermediate\x64\debug\game\game.obj
c:\users\user\desktop\mudgame_yb\intermediate\x64\debug\game\wall.obj
c:\users\user\desktop\mudgame_yb\intermediate\x64\debug\game\target.obj
c:\users\user\desktop\mudgame_yb\intermediate\x64\debug\game\player.obj
c:\users\user\desktop\mudgame_yb\intermediate\x64\debug\game\ground.obj
c:\users\user\desktop\mudgame_yb\intermediate\x64\debug\game\enemy.obj
c:\users\user\desktop\mudgame_yb\intermediate\x64\debug\game\box.obj
c:\users\user\desktop\mudgame_yb\bin\x64\debug\game\game.exe
c:\users\user\desktop\mudgame_yb\bin\x64\debug\game\game.pdb
c:\users\user\desktop\mudgame_yb\intermediate\x64\debug\game\game.ilk
c:\users\user\desktop\mudgame_yb\intermediate\x64\debug\game\game.vcxproj.filelistabsolute.txt
c:\users\user\desktop\mudgame_yb\intermediate\x64\debug\game\game.tlog\cl.command.1.tlog
c:\users\user\desktop\mudgame_yb\intermediate\x64\debug\game\game.tlog\cl.items.tlog
c:\users\user\desktop\mudgame_yb\intermediate\x64\debug\game\game.tlog\cl.read.1.tlog
c:\users\user\desktop\mudgame_yb\intermediate\x64\debug\game\game.tlog\cl.write.1.tlog
c:\users\user\desktop\mudgame_yb\intermediate\x64\debug\game\game.tlog\link.command.1.tlog
c:\users\user\desktop\mudgame_yb\intermediate\x64\debug\game\game.tlog\link.read.1.tlog
c:\users\user\desktop\mudgame_yb\intermediate\x64\debug\game\game.tlog\link.secondary.1.tlog
c:\users\user\desktop\mudgame_yb\intermediate\x64\debug\game\game.tlog\link.write.1.tlog
