  ..\Assets\Maps\Map.txt
  ..\Assets\Maps\Stage1.txt
  ..\Assets\Maps\Stage2.txt
  ..\Assets\Maps\Stage3.txt
  ..\Assets\Maps\StartScene.txt
  5개 파일이 복사되었습니다.
  Box.cpp
  Enemy.cpp
C:\Users\user\Desktop\WindowMudGame\Game\Actor\Enemy.cpp(35,17): warning C4244: '=': 'int'에서 'float'(으)로 변환하면서 데이터가 손실될 수 있습니다.
  Ground.cpp
  Player.cpp
C:\Users\user\Desktop\WindowMudGame\Game\Actor\Player.cpp(94,28): warning C4244: '+=': 'float'에서 'int'(으)로 변환하면서 데이터가 손실될 수 있습니다.
C:\Users\user\Desktop\WindowMudGame\Game\Actor\Player.cpp(96,44): warning C4244: '+=': 'float'에서 'int'(으)로 변환하면서 데이터가 손실될 수 있습니다.
C:\Users\user\Desktop\WindowMudGame\Game\Actor\Player.cpp(102,19): warning C4244: '=': 'float'에서 'int'(으)로 변환하면서 데이터가 손실될 수 있습니다.
C:\Users\user\Desktop\WindowMudGame\Game\Actor\Player.cpp(138,19): warning C4244: '=': 'float'에서 'int'(으)로 변환하면서 데이터가 손실될 수 있습니다.
  Target.cpp
  Wall.cpp
  Game.cpp
  GameLevel.cpp
  MenuLevel.cpp
  Main.cpp
  코드를 생성하고 있습니다...
  Game.vcxproj -> C:\Users\user\Desktop\WindowMudGame\Bin\x64\Debug\Game\Game.exe
  C:\Users\user\Desktop\WindowMudGame\\Lib\Engine.dll
  1개 파일이 복사되었습니다.
